[2026-04-21 15:00:32] [SUCCESS] New Mother Elected → Node 5
[2026-04-21 15:00:32] [INFO] Assigned 3 Daughters under Mother 5
[2026-04-21 15:01:10] [SUCCESS] New Mother Elected → Node 8
[2026-04-21 15:01:10] [INFO] Assigned 3 Daughters under Mother 8
[2026-04-21 15:02:02] [SUCCESS] New Mother Elected → Node 2
[2026-04-21 15:02:02] [INFO] Assigned 3 Daughters under Mother 2
[2026-04-21 15:02:15] [SUCCESS] New Mother Elected → Node 2
[2026-04-21 15:02:15] [INFO] Assigned 3 Daughters under Mother 2
[2026-04-22 13:57:04] [SUCCESS] New Mother Elected → Node 0
[2026-04-22 13:57:04] [INFO] Assigned 3 Daughters under Mother 0
[2026-04-22 13:57:23] [SUCCESS] New Mother Elected → Node 3
[2026-04-22 13:57:23] [INFO] Assigned 3 Daughters under Mother 3
[2026-04-22 13:57:55] [SUCCESS] New Mother Elected → Node 5
[2026-04-22 13:57:55] [INFO] Assigned 3 Daughters under Mother 5
[2026-04-22 13:58:18] [SUCCESS] New Mother Elected → Node 5
[2026-04-22 13:58:18] [INFO] Assigned 3 Daughters under Mother 5
[2026-04-22 14:00:07] [SUCCESS] New Mother Elected → Node 2
[2026-04-22 14:00:07] [INFO] Assigned 3 Daughters under Mother 2
[2026-04-22 16:59:58] [SUCCESS] New Mother Elected → Node 6
[2026-04-22 16:59:58] [INFO] Assigned 3 Daughters under Mother 6
[2026-04-22 17:00:15] [SUCCESS] New Mother Elected → Node 7
[2026-04-22 17:00:15] [INFO] Assigned 3 Daughters under Mother 7
[2026-04-22 17:01:29] [SUCCESS] New Mother Elected → Node 0
[2026-04-22 17:01:29] [INFO] Assigned 3 Daughters under Mother 0
[2026-04-22 17:07:26] [SUCCESS] New Mother Elected → Node 3
[2026-04-22 17:07:26] [INFO] Assigned 3 Daughters under Mother 3
[2026-04-22 17:07:26] [SUCCESS] New Mother Elected → Node 8
[2026-04-22 17:07:26] [INFO] Assigned 3 Daughters under Mother 8
[2026-04-22 17:07:52] [SUCCESS] New Mother Elected → Node 3
[2026-04-22 17:07:52] [INFO] Assigned 3 Daughters under Mother 3
[2026-04-22 17:08:20] [SUCCESS] New Mother Elected → Node 6
[2026-04-22 17:08:20] [INFO] Assigned 3 Daughters under Mother 6
[2026-04-22 18:04:59] [SUCCESS] New Mother Elected → Node 9
[2026-04-22 18:04:59] [INFO] Assigned 3 Daughters under Mother 9
[2026-04-22 18:05:17] [SUCCESS] New Mother Elected → Node 9
[2026-04-22 18:05:17] [INFO] Assigned 3 Daughters under Mother 9
[2026-04-22 18:05:28] [WARNING] Re-election triggered...
[2026-04-22 18:05:28] [SUCCESS] New Mother Elected → Node 6
[2026-04-22 18:05:28] [SUCCESS] Recovered → New Mother 6
[2026-04-22 18:05:28] [INFO] Assigned 3 Daughters under Mother 6
[2026-04-22 18:05:36] [SUCCESS] New Mother Elected → Node 6
[2026-04-22 18:05:36] [INFO] Assigned 3 Daughters under Mother 6
[2026-04-22 18:05:42] [SUCCESS] New Mother Elected → Node 6
[2026-04-22 18:05:42] [INFO] Assigned 3 Daughters under Mother 6
[2026-04-22 18:05:52] [WARNING] Re-election triggered...
[2026-04-22 18:05:52] [SUCCESS] New Mother Elected → Node 4
[2026-04-22 18:05:52] [SUCCESS] Recovered → New Mother 4
[2026-04-22 18:05:52] [INFO] Assigned 3 Daughters under Mother 4
[2026-04-22 18:18:06] [SUCCESS] New Mother Elected → Node 0
[2026-04-22 18:18:06] [INFO] Assigned 3 Daughters under Mother 0
[2026-04-22 18:18:23] [WARNING] Re-election triggered...
[2026-04-22 18:18:23] [SUCCESS] New Mother Elected → Node 3
[2026-04-22 18:18:23] [SUCCESS] Recovered → New Mother 3
[2026-04-22 18:18:23] [INFO] Assigned 3 Daughters under Mother 3
[2026-04-22 18:18:31] [WARNING] Re-election triggered...
[2026-04-22 18:18:31] [SUCCESS] New Mother Elected → Node 8
[2026-04-22 18:18:31] [SUCCESS] Recovered → New Mother 8
[2026-04-22 18:18:31] [INFO] Assigned 3 Daughters under Mother 8
[2026-04-22 18:18:35] [INFO] Node 3 AWAKENED as ELDEST-MOTHER under Mother 8
[2026-04-22 18:18:41] [SUCCESS] New Mother Elected → Node 3
[2026-04-22 18:18:41] [INFO] Assigned 3 Daughters under Mother 3
[2026-04-22 18:18:47] [SUCCESS] New Mother Elected → Node 3
[2026-04-22 18:18:47] [INFO] Assigned 3 Daughters under Mother 3
[2026-04-22 18:19:22] [SUCCESS] New Mother Elected → Node 5
[2026-04-22 18:19:22] [INFO] Assigned 3 Daughters under Mother 5
[2026-04-22 18:19:23] [SUCCESS] New Mother Elected → Node 9
[2026-04-22 18:19:23] [INFO] Assigned 3 Daughters under Mother 9
[2026-04-22 18:19:29] [WARNING] Re-election triggered...
[2026-04-22 18:19:29] [SUCCESS] New Mother Elected → Node 3
[2026-04-22 18:19:29] [SUCCESS] Recovered → New Mother 3
[2026-04-22 18:19:29] [INFO] Assigned 3 Daughters under Mother 3
[2026-04-22 18:19:39] [WARNING] Re-election triggered...
[2026-04-22 18:19:39] [SUCCESS] New Mother Elected → Node 4
[2026-04-22 18:19:39] [SUCCESS] Recovered → New Mother 4
[2026-04-22 18:19:39] [INFO] Assigned 3 Daughters under Mother 4
[2026-04-22 18:19:43] [INFO] Node 3 AWAKENED as ELDEST-MOTHER under Mother 4
[2026-04-22 18:19:53] [SUCCESS] New Mother Elected → Node 3
[2026-04-22 18:19:53] [INFO] Assigned 3 Daughters under Mother 3
[2026-04-22 18:25:59] [SUCCESS] New Mother Elected → Node 3
[2026-04-22 18:25:59] [INFO] Assigned 3 Daughters under Mother 3
[2026-04-22 18:26:06] [WARNING] Re-election triggered...
[2026-04-22 18:26:06] [SUCCESS] New Mother Elected → Node 2
[2026-04-22 18:26:06] [SUCCESS] Recovered → New Mother 2
[2026-04-22 18:26:06] [INFO] Assigned 3 Daughters under Mother 2
[2026-04-22 18:26:10] [INFO] Node 3 AWAKENED as ELDEST-MOTHER under Mother 2
[2026-04-22 18:26:13] [SUCCESS] New Mother Elected → Node 3
[2026-04-22 18:26:13] [INFO] Assigned 3 Daughters under Mother 3
[2026-04-22 18:26:22] [WARNING] Re-election triggered...
[2026-04-22 18:26:22] [SUCCESS] New Mother Elected → Node 2
[2026-04-22 18:26:22] [SUCCESS] Recovered → New Mother 2
[2026-04-22 18:26:22] [INFO] Assigned 3 Daughters under Mother 2
[2026-04-22 18:26:24] [WARNING] Re-election triggered...
[2026-04-22 18:26:24] [SUCCESS] New Mother Elected → Node 4
[2026-04-22 18:26:24] [SUCCESS] Recovered → New Mother 4
[2026-04-22 18:26:24] [INFO] Assigned 3 Daughters under Mother 4
[2026-04-22 18:26:27] [INFO] Node 3 AWAKENED as ELDEST-MOTHER under Mother 4
[2026-04-22 18:26:32] [INFO] Node 2 AWAKENED as ELDEST-MOTHER under Mother 4
[2026-04-22 18:26:37] [SUCCESS] New Mother Elected → Node 3
[2026-04-22 18:26:37] [INFO] Assigned 3 Daughters under Mother 3
[2026-04-22 18:50:16] [SUCCESS] New Mother Elected → Node 4
[2026-04-22 18:50:16] [INFO] Assigned 3 Daughters under Mother 4
[2026-04-22 18:50:42] [WARNING] Re-election triggered...
[2026-04-22 18:50:42] [SUCCESS] New Mother Elected → Node 7
[2026-04-22 18:50:42] [SUCCESS] Recovered → New Mother 7
[2026-04-22 18:50:42] [INFO] Assigned 3 Daughters under Mother 7
[2026-04-22 18:50:55] [WARNING] Re-election triggered...
[2026-04-22 18:50:55] [SUCCESS] New Mother Elected → Node 9
[2026-04-22 18:50:55] [SUCCESS] Recovered → New Mother 9
[2026-04-22 18:50:55] [INFO] Assigned 3 Daughters under Mother 9
[2026-04-22 18:51:10] [INFO] Node 4 AWAKENED as ELDEST-MOTHER under Mother 9
[2026-04-22 18:51:15] [INFO] Node 7 AWAKENED as ELDEST-MOTHER under Mother 9
[2026-04-22 18:51:22] [SUCCESS] New Mother Elected → Node 4
[2026-04-22 18:51:22] [INFO] Assigned 3 Daughters under Mother 4
